<?xml version="1.0" encoding="UTF-8"?>
<!-- Generated by org.testng.reporters.JUnitXMLReporter -->
<testsuite ignored="0" hostname="LAPTOP-6HJU02SK" failures="0" tests="5" name="Default test" time="46.303" errors="0" timestamp="2022-05-16T13:28:29 IST">
  <testcase classname="buyOrderFunctionality.SeleniumAssignment" name="testLogin" time="15.578"/>
  <testcase classname="buyOrderFunctionality.SeleniumAssignment" name="testSelectTshirt" time="7.83"/>
  <testcase classname="buyOrderFunctionality.SeleniumAssignment" name="testClickMore" time="6.201"/>
  <testcase classname="buyOrderFunctionality.SeleniumAssignment" name="testSetProductDetails" time="0.671"/>
  <testcase classname="buyOrderFunctionality.SeleniumAssignment" name="testProductCheckout" time="7.943"/>
</testsuite> <!-- Default test -->
